#-----------------------------------------------------------
# Vivado v2024.2 (64-bit)
# SW Build 5239630 on Fri Nov 08 22:35:27 MST 2024
# IP Build 5239520 on Sun Nov 10 16:12:51 MST 2024
# SharedData Build 5239561 on Fri Nov 08 14:39:27 MST 2024
# Start of session at: Fri Dec 20 00:13:22 2024
# Process ID         : 8424
# Current directory  : C:/Users/sirha/OneDrive/Desktop/electronics/internship/winter_24/project_1
# Command line       : vivado.exe -gui_launcher_event rodinguilauncherevent9184 C:\Users\sirha\OneDrive\Desktop\electronics\internship\winter_24\project_1\project_1.xpr
# Log file           : C:/Users/sirha/OneDrive/Desktop/electronics/internship/winter_24/project_1/vivado.log
# Journal file       : C:/Users/sirha/OneDrive/Desktop/electronics/internship/winter_24/project_1\vivado.jou
# Running On         : HarshavardhanRaghavendran
# Platform           : Windows Server 2016 or Windows 10
# Operating System   : 22631
# Processor Detail   : 11th Gen Intel(R) Core(TM) i3-1115G4 @ 3.00GHz
# CPU Frequency      : 2995 MHz
# CPU Physical cores : 2
# CPU Logical cores  : 4
# Host memory        : 8215 MB
# Swap memory        : 17745 MB
# Total Virtual      : 25961 MB
# Available Virtual  : 9230 MB
#-----------------------------------------------------------
start_gui
open_project C:/Users/sirha/OneDrive/Desktop/electronics/internship/winter_24/project_1/project_1.xpr
INFO: [filemgmt 56-3] Default IP Output Path : Could not find the directory 'C:/Users/sirha/OneDrive/Desktop/electronics/internship/winter_24/project_1/project_1.gen/sources_1'.
Scanning sources...
Finished scanning sources
INFO: [IP_Flow 19-234] Refreshing IP repositories
INFO: [IP_Flow 19-1704] No user IP repositories specified
INFO: [IP_Flow 19-2313] Loaded Vivado IP repository 'C:/Xilinx/Vivado/2024.2/data/ip'.
open_project: Time (s): cpu = 00:00:10 ; elapsed = 00:00:08 . Memory (MB): peak = 1143.734 ; gain = 63.004
update_compile_order -fileset sources_1
exit
INFO: [Common 17-206] Exiting Vivado at Fri Dec 20 00:40:00 2024...
